[0.018s] Invoking command in '/Users/coleaskey/ros2_ws/build/robot': CONDA_PROMPT_MODIFIER=(ros_env) SHLVL=2 _=/opt/anaconda3/envs/ros_env/bin/env /opt/anaconda3/envs/ros_env/bin/cmake /Users/coleaskey/ros2_ws/src/robot -DPython3_EXECUTABLE=/opt/anaconda3/envs/ros_env/bin/python3 -DCMAKE_INSTALL_PREFIX=/Users/coleaskey/ros2_ws/install/robot
[0.380s] -- The C compiler identification is Clang 17.0.6
[0.452s] -- The CXX compiler identification is Clang 17.0.6
[0.463s] -- Detecting C compiler ABI info
[0.589s] -- Detecting C compiler ABI info - done
[0.592s] -- Check for working C compiler: /opt/anaconda3/envs/ros_env/bin/arm64-apple-darwin20.0.0-clang - skipped
[0.592s] -- Detecting C compile features
[0.593s] -- Detecting C compile features - done
[0.598s] -- Detecting CXX compiler ABI info
[0.719s] -- Detecting CXX compiler ABI info - done
[0.723s] -- Check for working CXX compiler: /opt/anaconda3/envs/ros_env/bin/arm64-apple-darwin20.0.0-clang++ - skipped
[0.723s] -- Detecting CXX compile features
[0.723s] -- Detecting CXX compile features - done
[0.737s] -- Found ament_cmake: 1.3.3 (/opt/anaconda3/envs/ros_env/share/ament_cmake/cmake)
[1.030s] -- Found Python3: /opt/anaconda3/envs/ros_env/bin/python3 (found version "3.10.13") found components: Interpreter 
[1.163s] -- Found ament_lint_auto: 0.12.5 (/opt/anaconda3/envs/ros_env/share/ament_lint_auto/cmake)
[1.254s] -- Added test 'flake8' to check Python code syntax and style conventions
[1.255s] -- Added test 'lint_cmake' to check CMake code style
[1.256s] -- Added test 'pep257' to check Python code against some of the docstring style conventions in PEP 257
[1.257s] -- Added test 'xmllint' to check XML markup files
[1.258s] -- Configuring done (1.2s)
[1.270s] -- Generating done (0.0s)
[1.271s] -- Build files have been written to: /Users/coleaskey/ros2_ws/build/robot
[1.274s] Invoked command in '/Users/coleaskey/ros2_ws/build/robot' returned '0': CONDA_PROMPT_MODIFIER=(ros_env) SHLVL=2 _=/opt/anaconda3/envs/ros_env/bin/env /opt/anaconda3/envs/ros_env/bin/cmake /Users/coleaskey/ros2_ws/src/robot -DPython3_EXECUTABLE=/opt/anaconda3/envs/ros_env/bin/python3 -DCMAKE_INSTALL_PREFIX=/Users/coleaskey/ros2_ws/install/robot
[1.277s] Invoking command in '/Users/coleaskey/ros2_ws/build/robot': CONDA_PROMPT_MODIFIER=(ros_env) SHLVL=2 _=/opt/anaconda3/envs/ros_env/bin/env /opt/anaconda3/envs/ros_env/bin/cmake --build /Users/coleaskey/ros2_ws/build/robot -- -j12 -l12
[1.319s] Invoked command in '/Users/coleaskey/ros2_ws/build/robot' returned '0': CONDA_PROMPT_MODIFIER=(ros_env) SHLVL=2 _=/opt/anaconda3/envs/ros_env/bin/env /opt/anaconda3/envs/ros_env/bin/cmake --build /Users/coleaskey/ros2_ws/build/robot -- -j12 -l12
[1.384s] Invoking command in '/Users/coleaskey/ros2_ws/build/robot': CONDA_PROMPT_MODIFIER=(ros_env) SHLVL=2 _=/opt/anaconda3/envs/ros_env/bin/env /opt/anaconda3/envs/ros_env/bin/cmake --install /Users/coleaskey/ros2_ws/build/robot
[1.392s] -- Install configuration: ""
[1.393s] -- Installing: /Users/coleaskey/ros2_ws/install/robot/share/robot//launch
[1.393s] -- Installing: /Users/coleaskey/ros2_ws/install/robot/share/robot//launch/robot_bringup.launch.py
[1.393s] -- Installing: /Users/coleaskey/ros2_ws/install/robot/share/robot//worlds
[1.393s] -- Installing: /Users/coleaskey/ros2_ws/install/robot/share/robot//worlds/.four_wheel_robot.wbproj
[1.393s] -- Installing: /Users/coleaskey/ros2_ws/install/robot/share/robot//worlds/robot.wbt
[1.393s] -- Installing: /Users/coleaskey/ros2_ws/install/robot/share/robot//controllers
[1.394s] -- Installing: /Users/coleaskey/ros2_ws/install/robot/share/robot//controllers/robot_controller
[1.394s] -- Installing: /Users/coleaskey/ros2_ws/install/robot/share/robot//controllers/robot_controller/robot_controller.py
[1.394s] -- Installing: /Users/coleaskey/ros2_ws/install/robot/share/robot//controllers/robot_controller/robot_controller
[1.394s] -- Installing: /Users/coleaskey/ros2_ws/install/robot/lib/robot/ros2_bridge
[1.394s] -- Installing: /Users/coleaskey/ros2_ws/install/robot/lib/robot/square_drive
[1.394s] -- Installing: /Users/coleaskey/ros2_ws/install/robot/lib/robot/arm_controller
[1.394s] -- Up-to-date: /Users/coleaskey/ros2_ws/install/robot/share/robot/controllers/robot_controller/robot_controller
[1.395s] -- Up-to-date: /Users/coleaskey/ros2_ws/install/robot/share/robot/controllers/robot_controller/robot_controller.py
[1.395s] -- Installing: /Users/coleaskey/ros2_ws/install/robot/share/ament_index/resource_index/package_run_dependencies/robot
[1.395s] -- Installing: /Users/coleaskey/ros2_ws/install/robot/share/ament_index/resource_index/parent_prefix_path/robot
[1.395s] -- Installing: /Users/coleaskey/ros2_ws/install/robot/share/robot/environment/ament_prefix_path.sh
[1.396s] -- Installing: /Users/coleaskey/ros2_ws/install/robot/share/robot/environment/ament_prefix_path.dsv
[1.396s] -- Installing: /Users/coleaskey/ros2_ws/install/robot/share/robot/environment/path.sh
[1.396s] -- Installing: /Users/coleaskey/ros2_ws/install/robot/share/robot/environment/path.dsv
[1.396s] -- Installing: /Users/coleaskey/ros2_ws/install/robot/share/robot/local_setup.bash
[1.396s] -- Installing: /Users/coleaskey/ros2_ws/install/robot/share/robot/local_setup.sh
[1.396s] -- Installing: /Users/coleaskey/ros2_ws/install/robot/share/robot/local_setup.zsh
[1.396s] -- Installing: /Users/coleaskey/ros2_ws/install/robot/share/robot/local_setup.dsv
[1.397s] -- Installing: /Users/coleaskey/ros2_ws/install/robot/share/robot/package.dsv
[1.397s] -- Installing: /Users/coleaskey/ros2_ws/install/robot/share/ament_index/resource_index/packages/robot
[1.397s] -- Installing: /Users/coleaskey/ros2_ws/install/robot/share/robot/cmake/robotConfig.cmake
[1.397s] -- Installing: /Users/coleaskey/ros2_ws/install/robot/share/robot/cmake/robotConfig-version.cmake
[1.397s] -- Installing: /Users/coleaskey/ros2_ws/install/robot/share/robot/package.xml
[1.399s] Invoked command in '/Users/coleaskey/ros2_ws/build/robot' returned '0': CONDA_PROMPT_MODIFIER=(ros_env) SHLVL=2 _=/opt/anaconda3/envs/ros_env/bin/env /opt/anaconda3/envs/ros_env/bin/cmake --install /Users/coleaskey/ros2_ws/build/robot
