-- Install configuration: ""
-- Up-to-date: /Users/coleaskey/ros2_ws/install/robot/share/robot//launch
-- Up-to-date: /Users/coleaskey/ros2_ws/install/robot/share/robot//launch/robot_bringup.launch.py
-- Up-to-date: /Users/coleaskey/ros2_ws/install/robot/share/robot//config
-- Up-to-date: /Users/coleaskey/ros2_ws/install/robot/share/robot//config/arm_poses.yaml
-- Up-to-date: /Users/coleaskey/ros2_ws/install/robot/share/robot//worlds
-- Installing: /Users/coleaskey/ros2_ws/install/robot/share/robot//worlds/.robot.wbproj
-- Up-to-date: /Users/coleaskey/ros2_ws/install/robot/share/robot//worlds/.four_wheel_robot.wbproj
-- Installing: /Users/coleaskey/ros2_ws/install/robot/share/robot//worlds/robot.wbt
-- Up-to-date: /Users/coleaskey/ros2_ws/install/robot/share/robot//controllers
-- Up-to-date: /Users/coleaskey/ros2_ws/install/robot/share/robot//controllers/robot_controller
-- Installing: /Users/coleaskey/ros2_ws/install/robot/share/robot//controllers/robot_controller/robot_controller.py
-- Up-to-date: /Users/coleaskey/ros2_ws/install/robot/share/robot//controllers/robot_controller/robot_controller
-- Up-to-date: /Users/coleaskey/ros2_ws/install/robot/lib/robot/base_controller
-- Up-to-date: /Users/coleaskey/ros2_ws/install/robot/lib/robot/square_drive
-- Up-to-date: /Users/coleaskey/ros2_ws/install/robot/lib/robot/arm_controller
-- Up-to-date: /Users/coleaskey/ros2_ws/install/robot/lib/robot/pose_controller
-- Up-to-date: /Users/coleaskey/ros2_ws/install/robot/lib/robot/joint_state_publisher
-- Up-to-date: /Users/coleaskey/ros2_ws/install/robot/lib/robot/arm_teleop
-- Up-to-date: /Users/coleaskey/ros2_ws/install/robot/share/robot/controllers/robot_controller/robot_controller
-- Up-to-date: /Users/coleaskey/ros2_ws/install/robot/share/robot/controllers/robot_controller/robot_controller.py
-- Up-to-date: /Users/coleaskey/ros2_ws/install/robot/share/ament_index/resource_index/package_run_dependencies/robot
-- Up-to-date: /Users/coleaskey/ros2_ws/install/robot/share/ament_index/resource_index/parent_prefix_path/robot
-- Up-to-date: /Users/coleaskey/ros2_ws/install/robot/share/robot/environment/ament_prefix_path.sh
-- Up-to-date: /Users/coleaskey/ros2_ws/install/robot/share/robot/environment/ament_prefix_path.dsv
-- Up-to-date: /Users/coleaskey/ros2_ws/install/robot/share/robot/environment/path.sh
-- Up-to-date: /Users/coleaskey/ros2_ws/install/robot/share/robot/environment/path.dsv
-- Up-to-date: /Users/coleaskey/ros2_ws/install/robot/share/robot/local_setup.bash
-- Up-to-date: /Users/coleaskey/ros2_ws/install/robot/share/robot/local_setup.sh
-- Up-to-date: /Users/coleaskey/ros2_ws/install/robot/share/robot/local_setup.zsh
-- Up-to-date: /Users/coleaskey/ros2_ws/install/robot/share/robot/local_setup.dsv
-- Installing: /Users/coleaskey/ros2_ws/install/robot/share/robot/package.dsv
-- Up-to-date: /Users/coleaskey/ros2_ws/install/robot/share/ament_index/resource_index/packages/robot
-- Up-to-date: /Users/coleaskey/ros2_ws/install/robot/share/robot/cmake/robotConfig.cmake
-- Up-to-date: /Users/coleaskey/ros2_ws/install/robot/share/robot/cmake/robotConfig-version.cmake
-- Up-to-date: /Users/coleaskey/ros2_ws/install/robot/share/robot/package.xml
