[0.015s] Invoking command in '/Users/coleaskey/ros2_ws/build/four_wheel_robot': CONDA_PROMPT_MODIFIER=(ros_env) SHLVL=2 _=/opt/anaconda3/envs/ros_env/bin/env /opt/anaconda3/envs/ros_env/bin/cmake --build /Users/coleaskey/ros2_ws/build/four_wheel_robot -- -j12 -l12
[0.079s] -- Found ament_cmake: 1.3.3 (/opt/anaconda3/envs/ros_env/share/ament_cmake/cmake)
[0.145s] -- Found ament_lint_auto: 0.12.5 (/opt/anaconda3/envs/ros_env/share/ament_lint_auto/cmake)
[0.197s] -- Added test 'flake8' to check Python code syntax and style conventions
[0.198s] -- Added test 'lint_cmake' to check CMake code style
[0.198s] -- Added test 'pep257' to check Python code against some of the docstring style conventions in PEP 257
[0.200s] -- Added test 'xmllint' to check XML markup files
[0.201s] -- Configuring done (0.1s)
[0.210s] -- Generating done (0.0s)
[0.212s] -- Build files have been written to: /Users/coleaskey/ros2_ws/build/four_wheel_robot
[0.234s] Invoked command in '/Users/coleaskey/ros2_ws/build/four_wheel_robot' returned '0': CONDA_PROMPT_MODIFIER=(ros_env) SHLVL=2 _=/opt/anaconda3/envs/ros_env/bin/env /opt/anaconda3/envs/ros_env/bin/cmake --build /Users/coleaskey/ros2_ws/build/four_wheel_robot -- -j12 -l12
[0.298s] Invoking command in '/Users/coleaskey/ros2_ws/build/four_wheel_robot': CONDA_PROMPT_MODIFIER=(ros_env) SHLVL=2 _=/opt/anaconda3/envs/ros_env/bin/env /opt/anaconda3/envs/ros_env/bin/cmake --install /Users/coleaskey/ros2_ws/build/four_wheel_robot
[0.305s] -- Install configuration: ""
[0.305s] -- Installing: /Users/coleaskey/ros2_ws/install/four_wheel_robot/share/four_wheel_robot//launch
[0.305s] -- Installing: /Users/coleaskey/ros2_ws/install/four_wheel_robot/share/four_wheel_robot//launch/robot_bringup.launch.py
[0.305s] -- Up-to-date: /Users/coleaskey/ros2_ws/install/four_wheel_robot/share/four_wheel_robot//worlds
[0.306s] -- Up-to-date: /Users/coleaskey/ros2_ws/install/four_wheel_robot/share/four_wheel_robot//worlds/.four_wheel_robot.wbproj
[0.306s] -- Up-to-date: /Users/coleaskey/ros2_ws/install/four_wheel_robot/share/four_wheel_robot//worlds/four_wheel_robot.wbt
[0.306s] -- Up-to-date: /Users/coleaskey/ros2_ws/install/four_wheel_robot/share/four_wheel_robot//controllers
[0.306s] -- Up-to-date: /Users/coleaskey/ros2_ws/install/four_wheel_robot/share/four_wheel_robot//controllers/four_wheel_controller
[0.306s] -- Up-to-date: /Users/coleaskey/ros2_ws/install/four_wheel_robot/share/four_wheel_robot//controllers/four_wheel_controller/four_wheel_controller.py
[0.306s] -- Up-to-date: /Users/coleaskey/ros2_ws/install/four_wheel_robot/share/four_wheel_robot//controllers/four_wheel_controller/four_wheel_controller
[0.306s] -- Up-to-date: /Users/coleaskey/ros2_ws/install/four_wheel_robot/lib/four_wheel_robot/ros2_bridge
[0.306s] -- Installing: /Users/coleaskey/ros2_ws/install/four_wheel_robot/lib/four_wheel_robot/square_drive
[0.307s] -- Up-to-date: /Users/coleaskey/ros2_ws/install/four_wheel_robot/share/four_wheel_robot/controllers/four_wheel_controller/four_wheel_controller
[0.307s] -- Up-to-date: /Users/coleaskey/ros2_ws/install/four_wheel_robot/share/four_wheel_robot/controllers/four_wheel_controller/four_wheel_controller.py
[0.307s] -- Up-to-date: /Users/coleaskey/ros2_ws/install/four_wheel_robot/share/ament_index/resource_index/package_run_dependencies/four_wheel_robot
[0.307s] -- Up-to-date: /Users/coleaskey/ros2_ws/install/four_wheel_robot/share/ament_index/resource_index/parent_prefix_path/four_wheel_robot
[0.307s] -- Up-to-date: /Users/coleaskey/ros2_ws/install/four_wheel_robot/share/four_wheel_robot/environment/ament_prefix_path.sh
[0.308s] -- Installing: /Users/coleaskey/ros2_ws/install/four_wheel_robot/share/four_wheel_robot/environment/ament_prefix_path.dsv
[0.308s] -- Up-to-date: /Users/coleaskey/ros2_ws/install/four_wheel_robot/share/four_wheel_robot/environment/path.sh
[0.308s] -- Installing: /Users/coleaskey/ros2_ws/install/four_wheel_robot/share/four_wheel_robot/environment/path.dsv
[0.308s] -- Up-to-date: /Users/coleaskey/ros2_ws/install/four_wheel_robot/share/four_wheel_robot/local_setup.bash
[0.308s] -- Up-to-date: /Users/coleaskey/ros2_ws/install/four_wheel_robot/share/four_wheel_robot/local_setup.sh
[0.308s] -- Up-to-date: /Users/coleaskey/ros2_ws/install/four_wheel_robot/share/four_wheel_robot/local_setup.zsh
[0.309s] -- Installing: /Users/coleaskey/ros2_ws/install/four_wheel_robot/share/four_wheel_robot/local_setup.dsv
[0.309s] -- Installing: /Users/coleaskey/ros2_ws/install/four_wheel_robot/share/four_wheel_robot/package.dsv
[0.309s] -- Up-to-date: /Users/coleaskey/ros2_ws/install/four_wheel_robot/share/ament_index/resource_index/packages/four_wheel_robot
[0.309s] -- Up-to-date: /Users/coleaskey/ros2_ws/install/four_wheel_robot/share/four_wheel_robot/cmake/four_wheel_robotConfig.cmake
[0.309s] -- Up-to-date: /Users/coleaskey/ros2_ws/install/four_wheel_robot/share/four_wheel_robot/cmake/four_wheel_robotConfig-version.cmake
[0.309s] -- Up-to-date: /Users/coleaskey/ros2_ws/install/four_wheel_robot/share/four_wheel_robot/package.xml
[0.310s] Invoked command in '/Users/coleaskey/ros2_ws/build/four_wheel_robot' returned '0': CONDA_PROMPT_MODIFIER=(ros_env) SHLVL=2 _=/opt/anaconda3/envs/ros_env/bin/env /opt/anaconda3/envs/ros_env/bin/cmake --install /Users/coleaskey/ros2_ws/build/four_wheel_robot
