-- The C compiler identification is Clang 17.0.6
-- The CXX compiler identification is Clang 17.0.6
-- Detecting C compiler ABI info
-- Detecting C compiler ABI info - done
-- Check for working C compiler: /opt/anaconda3/envs/ros_env/bin/arm64-apple-darwin20.0.0-clang - skipped
-- Detecting C compile features
-- Detecting C compile features - done
-- Detecting CXX compiler ABI info
-- Detecting CXX compiler ABI info - done
-- Check for working CXX compiler: /opt/anaconda3/envs/ros_env/bin/arm64-apple-darwin20.0.0-clang++ - skipped
-- Detecting CXX compile features
-- Detecting CXX compile features - done
-- Found ament_cmake: 1.3.3 (/opt/anaconda3/envs/ros_env/share/ament_cmake/cmake)
-- Found Python3: /opt/homebrew/Frameworks/Python.framework/Versions/3.12/bin/python3.12 (found version "3.12.10") found components: Interpreter 
Traceback (most recent call last):
  File "/opt/anaconda3/envs/ros_env/share/ament_cmake_core/cmake/package_templates/templates_2_cmake.py", line 21, in <module>
    from ament_package.templates import get_environment_hook_template_path
ModuleNotFoundError: No module named 'ament_package'
CMake Error at /opt/anaconda3/envs/ros_env/share/ament_cmake_core/cmake/ament_cmake_package_templates-extras.cmake:41 (message):
  
  execute_process(/opt/homebrew/Frameworks/Python.framework/Versions/3.12/bin/python3.12
  /opt/anaconda3/envs/ros_env/share/ament_cmake_core/cmake/package_templates/templates_2_cmake.py
  /Users/coleaskey/ros2_ws/build/four_wheel_robot/ament_cmake_package_templates/templates.cmake)
  returned error code 1
Call Stack (most recent call first):
  /opt/anaconda3/envs/ros_env/share/ament_cmake_core/cmake/ament_cmake_coreConfig.cmake:41 (include)
  /opt/anaconda3/envs/ros_env/share/ament_cmake/cmake/ament_cmake_export_dependencies-extras.cmake:15 (find_package)
  /opt/anaconda3/envs/ros_env/share/ament_cmake/cmake/ament_cmakeConfig.cmake:41 (include)
  CMakeLists.txt:9 (find_package)


-- Configuring incomplete, errors occurred!
