[0.012s] Invoking command in '/Users/coleaskey/ros2_ws/build/four_wheel_robot': CONDA_PROMPT_MODIFIER=(ros_env) SHLVL=2 _=/opt/anaconda3/envs/ros_env/bin/env /opt/anaconda3/envs/ros_env/bin/cmake /Users/coleaskey/ros2_ws/src/four_wheel_robot -DCMAKE_INSTALL_PREFIX=/Users/coleaskey/ros2_ws/install/four_wheel_robot
[0.196s] -- The C compiler identification is Clang 17.0.6
[0.261s] -- The CXX compiler identification is Clang 17.0.6
[0.267s] -- Detecting C compiler ABI info
[0.393s] -- Detecting C compiler ABI info - done
[0.396s] -- Check for working C compiler: /opt/anaconda3/envs/ros_env/bin/arm64-apple-darwin20.0.0-clang - skipped
[0.397s] -- Detecting C compile features
[0.397s] -- Detecting C compile features - done
[0.401s] -- Detecting CXX compiler ABI info
[0.521s] -- Detecting CXX compiler ABI info - done
[0.524s] -- Check for working CXX compiler: /opt/anaconda3/envs/ros_env/bin/arm64-apple-darwin20.0.0-clang++ - skipped
[0.524s] -- Detecting CXX compile features
[0.524s] -- Detecting CXX compile features - done
[0.535s] -- Found ament_cmake: 1.3.3 (/opt/anaconda3/envs/ros_env/share/ament_cmake/cmake)
[1.606s] -- Found Python3: /opt/homebrew/Frameworks/Python.framework/Versions/3.12/bin/python3.12 (found version "3.12.10") found components: Interpreter 
[1.625s] Traceback (most recent call last):
[1.625s]   File "/opt/anaconda3/envs/ros_env/share/ament_cmake_core/cmake/package_templates/templates_2_cmake.py", line 21, in <module>
[1.625s]     from ament_package.templates import get_environment_hook_template_path
[1.626s] ModuleNotFoundError: No module named 'ament_package'
[1.627s] CMake Error at /opt/anaconda3/envs/ros_env/share/ament_cmake_core/cmake/ament_cmake_package_templates-extras.cmake:41 (message):
[1.627s]   
[1.628s]   execute_process(/opt/homebrew/Frameworks/Python.framework/Versions/3.12/bin/python3.12
[1.628s]   /opt/anaconda3/envs/ros_env/share/ament_cmake_core/cmake/package_templates/templates_2_cmake.py
[1.628s]   /Users/coleaskey/ros2_ws/build/four_wheel_robot/ament_cmake_package_templates/templates.cmake)
[1.628s]   returned error code 1
[1.628s] Call Stack (most recent call first):
[1.628s]   /opt/anaconda3/envs/ros_env/share/ament_cmake_core/cmake/ament_cmake_coreConfig.cmake:41 (include)
[1.628s]   /opt/anaconda3/envs/ros_env/share/ament_cmake/cmake/ament_cmake_export_dependencies-extras.cmake:15 (find_package)
[1.628s]   /opt/anaconda3/envs/ros_env/share/ament_cmake/cmake/ament_cmakeConfig.cmake:41 (include)
[1.628s]   CMakeLists.txt:9 (find_package)
[1.628s] 
[1.628s] 
[1.628s] -- Configuring incomplete, errors occurred!
[1.631s] Invoked command in '/Users/coleaskey/ros2_ws/build/four_wheel_robot' returned '1': CONDA_PROMPT_MODIFIER=(ros_env) SHLVL=2 _=/opt/anaconda3/envs/ros_env/bin/env /opt/anaconda3/envs/ros_env/bin/cmake /Users/coleaskey/ros2_ws/src/four_wheel_robot -DCMAKE_INSTALL_PREFIX=/Users/coleaskey/ros2_ws/install/four_wheel_robot
