[-1760981781354752256.000s] DEBUG:colcon:Command line arguments: ['/Users/coleaskey/.local/pipx/venvs/notebook/bin/colcon', 'build']
[-1760981781354752256.000s] DEBUG:colcon:Parsed command line arguments: Namespace(log_base=None, log_level=None, verb_name='build', build_base='build', install_base='install', merge_install=False, symlink_install=False, test_result_base=None, continue_on_error=False, executor='parallel', parallel_workers=12, event_handlers=None, ignore_user_meta=False, metas=['./colcon.meta'], base_paths=['.'], packages_ignore=None, packages_ignore_regex=None, paths=None, packages_up_to=None, packages_up_to_regex=None, packages_above=None, packages_above_and_dependencies=None, packages_above_depth=None, packages_select_by_dep=None, packages_skip_by_dep=None, packages_skip_up_to=None, packages_select_build_failed=False, packages_skip_build_finished=False, packages_select_test_failures=False, packages_skip_test_passed=False, packages_select=None, packages_skip=None, packages_select_regex=None, packages_skip_regex=None, packages_start=None, packages_end=None, cmake_args=None, cmake_target=None, cmake_target_skip_unavailable=False, cmake_clean_cache=False, cmake_clean_first=False, cmake_force_configure=False, ament_cmake_args=None, catkin_cmake_args=None, catkin_skip_building_tests=False, verb_parser=<colcon_defaults.argument_parser.defaults.DefaultArgumentsDecorator object at 0x103d47b10>, verb_extension=<colcon_core.verb.build.BuildVerb object at 0x103d8acf0>, main=<bound method BuildVerb.main of <colcon_core.verb.build.BuildVerb object at 0x103d8acf0>>)
[-1760981781354752256.000s] Level 1:colcon.colcon_core.package_discovery:discover_packages(colcon_meta) check parameters
[-1760981781354752256.000s] Level 1:colcon.colcon_core.package_discovery:discover_packages(recursive) check parameters
[-1760981781354752256.000s] Level 1:colcon.colcon_core.package_discovery:discover_packages(ignore) check parameters
[-1760981781354752256.000s] Level 1:colcon.colcon_core.package_discovery:discover_packages(path) check parameters
[-1760981781354752256.000s] Level 1:colcon.colcon_core.package_discovery:discover_packages(colcon_meta) discover
[-1760981781354752256.000s] Level 1:colcon.colcon_core.package_discovery:discover_packages(recursive) discover
[-1760981781354752256.000s] INFO:colcon.colcon_core.package_discovery:Crawling recursively for packages in '/Users/coleaskey/Artemis6'
[-1760981781354752256.000s] Level 1:colcon.colcon_core.package_identification:_identify(.) by extensions ['ignore', 'ignore_ament_install']
[-1760981781354752256.000s] Level 1:colcon.colcon_core.package_identification:_identify(.) by extension 'ignore'
[-1760981781354752256.000s] Level 1:colcon.colcon_core.package_identification:_identify(.) by extension 'ignore_ament_install'
[-1760981781354752256.000s] Level 1:colcon.colcon_core.package_identification:_identify(.) by extensions ['colcon_pkg']
[-1760981781354752256.000s] Level 1:colcon.colcon_core.package_identification:_identify(.) by extension 'colcon_pkg'
[-1760981781354752256.000s] Level 1:colcon.colcon_core.package_identification:_identify(.) by extensions ['colcon_meta']
[-1760981781354752256.000s] Level 1:colcon.colcon_core.package_identification:_identify(.) by extension 'colcon_meta'
[-1760981781354752256.000s] Level 1:colcon.colcon_core.package_identification:_identify(.) by extensions ['ros']
[-1760981781354752256.000s] Level 1:colcon.colcon_core.package_identification:_identify(.) by extension 'ros'
[-1760981781354752256.000s] Level 1:colcon.colcon_core.package_identification:_identify(.) by extensions ['cmake', 'python']
[-1760981781354752256.000s] Level 1:colcon.colcon_core.package_identification:_identify(.) by extension 'cmake'
[-1760981781354752256.000s] Level 1:colcon.colcon_core.package_identification:_identify(.) by extension 'python'
[-1760981781354752256.000s] Level 1:colcon.colcon_core.package_identification:_identify(.) by extensions ['python_setup_py']
[-1760981781354752256.000s] Level 1:colcon.colcon_core.package_identification:_identify(.) by extension 'python_setup_py'
[-1760981781354752256.000s] Level 1:colcon.colcon_core.package_identification:_identify(build) by extensions ['ignore', 'ignore_ament_install']
[-1760981781354752256.000s] Level 1:colcon.colcon_core.package_identification:_identify(build) by extension 'ignore'
[-1760981781354752256.000s] Level 1:colcon.colcon_core.package_identification:_identify(build) ignored
[-1760981781354752256.000s] Level 1:colcon.colcon_core.package_identification:_identify(install) by extensions ['ignore', 'ignore_ament_install']
[-1760981781354752256.000s] Level 1:colcon.colcon_core.package_identification:_identify(install) by extension 'ignore'
[-1760981781354752256.000s] Level 1:colcon.colcon_core.package_identification:_identify(install) ignored
[-1760981781354752256.000s] Level 1:colcon.colcon_core.package_identification:_identify(log) by extensions ['ignore', 'ignore_ament_install']
[-1760981781354752256.000s] Level 1:colcon.colcon_core.package_identification:_identify(log) by extension 'ignore'
[-1760981781354752256.000s] Level 1:colcon.colcon_core.package_identification:_identify(log) ignored
[-1760981781354752256.000s] Level 1:colcon.colcon_core.package_identification:_identify(src) by extensions ['ignore', 'ignore_ament_install']
[-1760981781354752256.000s] Level 1:colcon.colcon_core.package_identification:_identify(src) by extension 'ignore'
[-1760981781354752256.000s] Level 1:colcon.colcon_core.package_identification:_identify(src) by extension 'ignore_ament_install'
[-1760981781354752256.000s] Level 1:colcon.colcon_core.package_identification:_identify(src) by extensions ['colcon_pkg']
[-1760981781354752256.000s] Level 1:colcon.colcon_core.package_identification:_identify(src) by extension 'colcon_pkg'
[-1760981781354752256.000s] Level 1:colcon.colcon_core.package_identification:_identify(src) by extensions ['colcon_meta']
[-1760981781354752256.000s] Level 1:colcon.colcon_core.package_identification:_identify(src) by extension 'colcon_meta'
[-1760981781354752256.000s] Level 1:colcon.colcon_core.package_identification:_identify(src) by extensions ['ros']
[-1760981781354752256.000s] Level 1:colcon.colcon_core.package_identification:_identify(src) by extension 'ros'
[-1760981781354752256.000s] Level 1:colcon.colcon_core.package_identification:_identify(src) by extensions ['cmake', 'python']
[-1760981781354752256.000s] Level 1:colcon.colcon_core.package_identification:_identify(src) by extension 'cmake'
[-1760981781354752256.000s] Level 1:colcon.colcon_core.package_identification:_identify(src) by extension 'python'
[-1760981781354752256.000s] Level 1:colcon.colcon_core.package_identification:_identify(src) by extensions ['python_setup_py']
[-1760981781354752256.000s] Level 1:colcon.colcon_core.package_identification:_identify(src) by extension 'python_setup_py'
[-1760981781354752256.000s] Level 1:colcon.colcon_core.package_identification:_identify(src/robot) by extensions ['ignore', 'ignore_ament_install']
[-1760981781354752256.000s] Level 1:colcon.colcon_core.package_identification:_identify(src/robot) by extension 'ignore'
[-1760981781354752256.000s] Level 1:colcon.colcon_core.package_identification:_identify(src/robot) by extension 'ignore_ament_install'
[-1760981781354752256.000s] Level 1:colcon.colcon_core.package_identification:_identify(src/robot) by extensions ['colcon_pkg']
[-1760981781354752256.000s] Level 1:colcon.colcon_core.package_identification:_identify(src/robot) by extension 'colcon_pkg'
[-1760981781354752256.000s] Level 1:colcon.colcon_core.package_identification:_identify(src/robot) by extensions ['colcon_meta']
[-1760981781354752256.000s] Level 1:colcon.colcon_core.package_identification:_identify(src/robot) by extension 'colcon_meta'
[-1760981781354752256.000s] Level 1:colcon.colcon_core.package_identification:_identify(src/robot) by extensions ['ros']
[-1760981781354752256.000s] Level 1:colcon.colcon_core.package_identification:_identify(src/robot) by extension 'ros'
[-1760981781354752256.000s] DEBUG:colcon.colcon_core.package_identification:Package 'src/robot' with type 'ros.ament_cmake' and name 'robot'
[-1760981781354752256.000s] Level 1:colcon.colcon_core.package_discovery:discover_packages(recursive) using defaults
[-1760981781354752256.000s] Level 1:colcon.colcon_core.package_discovery:discover_packages(ignore) discover
[-1760981781354752256.000s] Level 1:colcon.colcon_core.package_discovery:discover_packages(ignore) using defaults
[-1760981781354752256.000s] Level 1:colcon.colcon_core.package_discovery:discover_packages(path) discover
[-1760981781354752256.000s] Level 1:colcon.colcon_core.package_discovery:discover_packages(path) using defaults
[-1760981781354752256.000s] Level 5:colcon.colcon_core.verb:set package 'robot' build argument 'cmake_args' from command line to 'None'
[-1760981781354752256.000s] Level 5:colcon.colcon_core.verb:set package 'robot' build argument 'cmake_target' from command line to 'None'
[-1760981781354752256.000s] Level 5:colcon.colcon_core.verb:set package 'robot' build argument 'cmake_target_skip_unavailable' from command line to 'False'
[-1760981781354752256.000s] Level 5:colcon.colcon_core.verb:set package 'robot' build argument 'cmake_clean_cache' from command line to 'False'
[-1760981781354752256.000s] Level 5:colcon.colcon_core.verb:set package 'robot' build argument 'cmake_clean_first' from command line to 'False'
[-1760981781354752256.000s] Level 5:colcon.colcon_core.verb:set package 'robot' build argument 'cmake_force_configure' from command line to 'False'
[-1760981781354752256.000s] Level 5:colcon.colcon_core.verb:set package 'robot' build argument 'ament_cmake_args' from command line to 'None'
[-1760981781354752256.000s] Level 5:colcon.colcon_core.verb:set package 'robot' build argument 'catkin_cmake_args' from command line to 'None'
[-1760981781354752256.000s] Level 5:colcon.colcon_core.verb:set package 'robot' build argument 'catkin_skip_building_tests' from command line to 'False'
[-1760981781354752256.000s] DEBUG:colcon.colcon_core.verb:Building package 'robot' with the following arguments: {'ament_cmake_args': None, 'build_base': '/Users/coleaskey/Artemis6/build/robot', 'catkin_cmake_args': None, 'catkin_skip_building_tests': False, 'cmake_args': None, 'cmake_clean_cache': False, 'cmake_clean_first': False, 'cmake_force_configure': False, 'cmake_target': None, 'cmake_target_skip_unavailable': False, 'install_base': '/Users/coleaskey/Artemis6/install/robot', 'merge_install': False, 'path': '/Users/coleaskey/Artemis6/src/robot', 'symlink_install': False, 'test_result_base': None}
[-1760981781354752256.000s] INFO:colcon.colcon_core.executor:Executing jobs using 'parallel' executor
[-1760981781354752256.000s] DEBUG:colcon.colcon_parallel_executor.executor.parallel:run_until_complete
[-1760981781354752256.000s] INFO:colcon.colcon_ros.task.ament_cmake.build:Building ROS package in '/Users/coleaskey/Artemis6/src/robot' with build type 'ament_cmake'
[-1760981781354752256.000s] INFO:colcon.colcon_cmake.task.cmake.build:Building CMake package in '/Users/coleaskey/Artemis6/src/robot'
[-1760981781354752256.000s] INFO:colcon.colcon_core.plugin_system:Skipping extension 'colcon_core.shell.bat': Not used on non-Windows systems
[-1760981781354752256.000s] INFO:colcon.colcon_core.shell:Skip shell extension 'powershell' for command environment: Not usable outside of PowerShell
[-1760981781354752256.000s] DEBUG:colcon.colcon_core.shell:Skip shell extension 'dsv' for command environment
[-1760981781354752256.000s] DEBUG:colcon.colcon_core.event_handler.log_command:Invoking command in '/Users/coleaskey/Artemis6/build/robot': SHLVL=2 _=/usr/bin/env /opt/homebrew/bin/cmake /Users/coleaskey/Artemis6/src/robot -DCMAKE_INSTALL_PREFIX=/Users/coleaskey/Artemis6/install/robot
[-1760981781354752256.000s] DEBUG:colcon.colcon_core.event_handler.log_command:Invoked command in '/Users/coleaskey/Artemis6/build/robot' returned '1': SHLVL=2 _=/usr/bin/env /opt/homebrew/bin/cmake /Users/coleaskey/Artemis6/src/robot -DCMAKE_INSTALL_PREFIX=/Users/coleaskey/Artemis6/install/robot
[-1760981781354752256.000s] Level 1:colcon.colcon_core.environment:create_environment_scripts_only(robot)
[-1760981781354752256.000s] Level 1:colcon.colcon_core.environment:checking '/Users/coleaskey/Artemis6/install/robot' for CMake module files
[-1760981781354752256.000s] Level 1:colcon.colcon_core.environment:checking '/Users/coleaskey/Artemis6/install/robot' for CMake config files
[-1760981781354752256.000s] Level 1:colcon.colcon_core.shell:create_environment_hook('robot', 'cmake_prefix_path')
[-1760981781354752256.000s] INFO:colcon.colcon_core.shell:Creating environment hook '/Users/coleaskey/Artemis6/install/robot/share/robot/hook/cmake_prefix_path.ps1'
[-1760981781354752256.000s] INFO:colcon.colcon_core.shell:Creating environment descriptor '/Users/coleaskey/Artemis6/install/robot/share/robot/hook/cmake_prefix_path.dsv'
[-1760981781354752256.000s] INFO:colcon.colcon_core.shell:Creating environment hook '/Users/coleaskey/Artemis6/install/robot/share/robot/hook/cmake_prefix_path.sh'
[-1760981781354752256.000s] Level 1:colcon.colcon_core.environment:checking '/Users/coleaskey/Artemis6/install/robot/lib'
[-1760981781354752256.000s] Level 1:colcon.colcon_core.environment:checking '/Users/coleaskey/Artemis6/install/robot/bin'
[-1760981781354752256.000s] Level 1:colcon.colcon_core.environment:checking '/Users/coleaskey/Artemis6/install/robot/lib/pkgconfig/robot.pc'
[-1760981781354752256.000s] Level 1:colcon.colcon_core.environment:checking '/Users/coleaskey/Artemis6/install/robot/lib/python3.13/site-packages'
[-1760981781354752256.000s] Level 1:colcon.colcon_core.environment:checking '/Users/coleaskey/Artemis6/install/robot/bin'
[-1760981781354752256.000s] INFO:colcon.colcon_core.shell:Creating package script '/Users/coleaskey/Artemis6/install/robot/share/robot/package.ps1'
[-1760981781354752256.000s] INFO:colcon.colcon_core.shell:Creating package descriptor '/Users/coleaskey/Artemis6/install/robot/share/robot/package.dsv'
[-1760981781354752256.000s] INFO:colcon.colcon_core.shell:Creating package script '/Users/coleaskey/Artemis6/install/robot/share/robot/package.sh'
[-1760981781354752256.000s] INFO:colcon.colcon_core.shell:Creating package script '/Users/coleaskey/Artemis6/install/robot/share/robot/package.bash'
[-1760981781354752256.000s] INFO:colcon.colcon_core.shell:Creating package script '/Users/coleaskey/Artemis6/install/robot/share/robot/package.zsh'
[-1760981781354752256.000s] Level 1:colcon.colcon_core.environment:create_file_with_runtime_dependencies(/Users/coleaskey/Artemis6/install/robot/share/colcon-core/packages/robot)
[-1760981781354752256.000s] DEBUG:colcon.colcon_parallel_executor.executor.parallel:closing loop
[-1760981781354752256.000s] DEBUG:colcon.colcon_parallel_executor.executor.parallel:loop closed
[-1760981781354752256.000s] DEBUG:colcon.colcon_parallel_executor.executor.parallel:run_until_complete finished with '1'
[-1760981781354752256.000s] DEBUG:colcon.colcon_core.event_reactor:joining thread
[-1760981781354752256.000s] INFO:colcon.colcon_core.plugin_system:Skipping extension 'colcon_notification.desktop_notification.notify2': 'notify2' not found
[-1760981781354752256.000s] INFO:colcon.colcon_core.plugin_system:Skipping extension 'colcon_notification.desktop_notification.notify_send': Not used on non-Linux systems
[-1760981781354752256.000s] INFO:colcon.colcon_core.plugin_system:Skipping extension 'colcon_notification.desktop_notification.win32': Not used on non-Windows systems
[-1760981781354752256.000s] INFO:colcon.colcon_notification.desktop_notification:Sending desktop notification using 'terminal_notifier'
[-1760981781354752256.000s] DEBUG:colcon.colcon_core.event_reactor:joined thread
[-1760981781354752256.000s] INFO:colcon.colcon_core.shell:Creating prefix script '/Users/coleaskey/Artemis6/install/local_setup.ps1'
[-1760981781354752256.000s] INFO:colcon.colcon_core.shell:Creating prefix util module '/Users/coleaskey/Artemis6/install/_local_setup_util_ps1.py'
[-1760981781354752256.000s] INFO:colcon.colcon_core.shell:Creating prefix chain script '/Users/coleaskey/Artemis6/install/setup.ps1'
[-1760981781354752256.000s] INFO:colcon.colcon_core.shell:Creating prefix script '/Users/coleaskey/Artemis6/install/local_setup.sh'
[-1760981781354752256.000s] INFO:colcon.colcon_core.shell:Creating prefix util module '/Users/coleaskey/Artemis6/install/_local_setup_util_sh.py'
[-1760981781354752256.000s] INFO:colcon.colcon_core.shell:Creating prefix chain script '/Users/coleaskey/Artemis6/install/setup.sh'
[-1760981781354752256.000s] INFO:colcon.colcon_core.shell:Creating prefix script '/Users/coleaskey/Artemis6/install/local_setup.bash'
[-1760981781354752256.000s] INFO:colcon.colcon_core.shell:Creating prefix chain script '/Users/coleaskey/Artemis6/install/setup.bash'
[-1760981781354752256.000s] INFO:colcon.colcon_core.shell:Creating prefix script '/Users/coleaskey/Artemis6/install/local_setup.zsh'
[-1760981781354752256.000s] INFO:colcon.colcon_core.shell:Creating prefix chain script '/Users/coleaskey/Artemis6/install/setup.zsh'
