[0.017s] Invoking command in '/Users/coleaskey/ros2_ws/build/four_wheel_robot': CONDA_PROMPT_MODIFIER=(ros_env) SHLVL=2 _=/opt/anaconda3/envs/ros_env/bin/env /opt/anaconda3/envs/ros_env/bin/cmake --build /Users/coleaskey/ros2_ws/build/four_wheel_robot -- -j12 -l12
[0.085s] -- Found ament_cmake: 1.3.3 (/opt/anaconda3/envs/ros_env/share/ament_cmake/cmake)
[0.160s] -- Found ament_lint_auto: 0.12.5 (/opt/anaconda3/envs/ros_env/share/ament_lint_auto/cmake)
[0.220s] -- Added test 'flake8' to check Python code syntax and style conventions
[0.220s] -- Added test 'lint_cmake' to check CMake code style
[0.221s] -- Added test 'pep257' to check Python code against some of the docstring style conventions in PEP 257
[0.222s] -- Added test 'xmllint' to check XML markup files
[0.223s] -- Configuring done (0.2s)
[0.233s] -- Generating done (0.0s)
[0.235s] -- Build files have been written to: /Users/coleaskey/ros2_ws/build/four_wheel_robot
[0.259s] Invoked command in '/Users/coleaskey/ros2_ws/build/four_wheel_robot' returned '0': CONDA_PROMPT_MODIFIER=(ros_env) SHLVL=2 _=/opt/anaconda3/envs/ros_env/bin/env /opt/anaconda3/envs/ros_env/bin/cmake --build /Users/coleaskey/ros2_ws/build/four_wheel_robot -- -j12 -l12
[0.332s] Invoking command in '/Users/coleaskey/ros2_ws/build/four_wheel_robot': CONDA_PROMPT_MODIFIER=(ros_env) SHLVL=2 _=/opt/anaconda3/envs/ros_env/bin/env /opt/anaconda3/envs/ros_env/bin/cmake --install /Users/coleaskey/ros2_ws/build/four_wheel_robot
[0.341s] -- Install configuration: ""
[0.342s] -- Up-to-date: /Users/coleaskey/ros2_ws/install/four_wheel_robot/share/four_wheel_robot//launch
[0.342s] -- Installing: /Users/coleaskey/ros2_ws/install/four_wheel_robot/share/four_wheel_robot//launch/robot_bringup.launch.py
[0.343s] -- Up-to-date: /Users/coleaskey/ros2_ws/install/four_wheel_robot/share/four_wheel_robot//worlds
[0.343s] -- Up-to-date: /Users/coleaskey/ros2_ws/install/four_wheel_robot/share/four_wheel_robot//worlds/.four_wheel_robot.wbproj
[0.343s] -- Installing: /Users/coleaskey/ros2_ws/install/four_wheel_robot/share/four_wheel_robot//worlds/four_wheel_robot.wbt
[0.343s] -- Up-to-date: /Users/coleaskey/ros2_ws/install/four_wheel_robot/share/four_wheel_robot//controllers
[0.343s] -- Up-to-date: /Users/coleaskey/ros2_ws/install/four_wheel_robot/share/four_wheel_robot//controllers/four_wheel_controller
[0.343s] -- Installing: /Users/coleaskey/ros2_ws/install/four_wheel_robot/share/four_wheel_robot//controllers/four_wheel_controller/four_wheel_controller.py
[0.344s] -- Up-to-date: /Users/coleaskey/ros2_ws/install/four_wheel_robot/share/four_wheel_robot//controllers/four_wheel_controller/four_wheel_controller
[0.344s] -- Up-to-date: /Users/coleaskey/ros2_ws/install/four_wheel_robot/lib/four_wheel_robot/ros2_bridge
[0.344s] -- Up-to-date: /Users/coleaskey/ros2_ws/install/four_wheel_robot/lib/four_wheel_robot/square_drive
[0.344s] -- Installing: /Users/coleaskey/ros2_ws/install/four_wheel_robot/lib/four_wheel_robot/arm_controller
[0.344s] -- Up-to-date: /Users/coleaskey/ros2_ws/install/four_wheel_robot/share/four_wheel_robot/controllers/four_wheel_controller/four_wheel_controller
[0.344s] -- Up-to-date: /Users/coleaskey/ros2_ws/install/four_wheel_robot/share/four_wheel_robot/controllers/four_wheel_controller/four_wheel_controller.py
[0.344s] -- Up-to-date: /Users/coleaskey/ros2_ws/install/four_wheel_robot/share/ament_index/resource_index/package_run_dependencies/four_wheel_robot
[0.344s] -- Up-to-date: /Users/coleaskey/ros2_ws/install/four_wheel_robot/share/ament_index/resource_index/parent_prefix_path/four_wheel_robot
[0.344s] -- Up-to-date: /Users/coleaskey/ros2_ws/install/four_wheel_robot/share/four_wheel_robot/environment/ament_prefix_path.sh
[0.344s] -- Installing: /Users/coleaskey/ros2_ws/install/four_wheel_robot/share/four_wheel_robot/environment/ament_prefix_path.dsv
[0.345s] -- Up-to-date: /Users/coleaskey/ros2_ws/install/four_wheel_robot/share/four_wheel_robot/environment/path.sh
[0.345s] -- Installing: /Users/coleaskey/ros2_ws/install/four_wheel_robot/share/four_wheel_robot/environment/path.dsv
[0.345s] -- Up-to-date: /Users/coleaskey/ros2_ws/install/four_wheel_robot/share/four_wheel_robot/local_setup.bash
[0.345s] -- Up-to-date: /Users/coleaskey/ros2_ws/install/four_wheel_robot/share/four_wheel_robot/local_setup.sh
[0.345s] -- Up-to-date: /Users/coleaskey/ros2_ws/install/four_wheel_robot/share/four_wheel_robot/local_setup.zsh
[0.345s] -- Installing: /Users/coleaskey/ros2_ws/install/four_wheel_robot/share/four_wheel_robot/local_setup.dsv
[0.346s] -- Installing: /Users/coleaskey/ros2_ws/install/four_wheel_robot/share/four_wheel_robot/package.dsv
[0.346s] -- Up-to-date: /Users/coleaskey/ros2_ws/install/four_wheel_robot/share/ament_index/resource_index/packages/four_wheel_robot
[0.346s] -- Up-to-date: /Users/coleaskey/ros2_ws/install/four_wheel_robot/share/four_wheel_robot/cmake/four_wheel_robotConfig.cmake
[0.346s] -- Up-to-date: /Users/coleaskey/ros2_ws/install/four_wheel_robot/share/four_wheel_robot/cmake/four_wheel_robotConfig-version.cmake
[0.346s] -- Up-to-date: /Users/coleaskey/ros2_ws/install/four_wheel_robot/share/four_wheel_robot/package.xml
[0.348s] Invoked command in '/Users/coleaskey/ros2_ws/build/four_wheel_robot' returned '0': CONDA_PROMPT_MODIFIER=(ros_env) SHLVL=2 _=/opt/anaconda3/envs/ros_env/bin/env /opt/anaconda3/envs/ros_env/bin/cmake --install /Users/coleaskey/ros2_ws/build/four_wheel_robot
