[0.012s] Invoking command in '/Users/coleaskey/ros2_ws/build/four_wheel_robot': CONDA_PROMPT_MODIFIER=(ros_env) SHLVL=2 _=/opt/anaconda3/envs/ros_env/bin/env /opt/anaconda3/envs/ros_env/bin/cmake /Users/coleaskey/ros2_ws/src/four_wheel_robot -DPython3_EXECUTABLE=/opt/anaconda3/envs/ros_env/bin/python3 -DCMAKE_INSTALL_PREFIX=/Users/coleaskey/ros2_ws/install/four_wheel_robot
[0.037s] -- Found ament_cmake: 1.3.3 (/opt/anaconda3/envs/ros_env/share/ament_cmake/cmake)
[0.307s] -- Found Python3: /opt/anaconda3/envs/ros_env/bin/python3 (found version "3.10.13") found components: Interpreter 
[0.436s] -- Found ament_lint_auto: 0.12.5 (/opt/anaconda3/envs/ros_env/share/ament_lint_auto/cmake)
[0.525s] -- Added test 'flake8' to check Python code syntax and style conventions
[0.526s] -- Added test 'lint_cmake' to check CMake code style
[0.527s] -- Added test 'pep257' to check Python code against some of the docstring style conventions in PEP 257
[0.528s] -- Added test 'xmllint' to check XML markup files
[0.530s] -- Configuring done (0.5s)
[0.539s] -- Generating done (0.0s)
[0.541s] -- Build files have been written to: /Users/coleaskey/ros2_ws/build/four_wheel_robot
[0.544s] Invoked command in '/Users/coleaskey/ros2_ws/build/four_wheel_robot' returned '0': CONDA_PROMPT_MODIFIER=(ros_env) SHLVL=2 _=/opt/anaconda3/envs/ros_env/bin/env /opt/anaconda3/envs/ros_env/bin/cmake /Users/coleaskey/ros2_ws/src/four_wheel_robot -DPython3_EXECUTABLE=/opt/anaconda3/envs/ros_env/bin/python3 -DCMAKE_INSTALL_PREFIX=/Users/coleaskey/ros2_ws/install/four_wheel_robot
[0.545s] Invoking command in '/Users/coleaskey/ros2_ws/build/four_wheel_robot': CONDA_PROMPT_MODIFIER=(ros_env) SHLVL=2 _=/opt/anaconda3/envs/ros_env/bin/env /opt/anaconda3/envs/ros_env/bin/cmake --build /Users/coleaskey/ros2_ws/build/four_wheel_robot -- -j12 -l12
[0.584s] Invoked command in '/Users/coleaskey/ros2_ws/build/four_wheel_robot' returned '0': CONDA_PROMPT_MODIFIER=(ros_env) SHLVL=2 _=/opt/anaconda3/envs/ros_env/bin/env /opt/anaconda3/envs/ros_env/bin/cmake --build /Users/coleaskey/ros2_ws/build/four_wheel_robot -- -j12 -l12
[0.646s] Invoking command in '/Users/coleaskey/ros2_ws/build/four_wheel_robot': CONDA_PROMPT_MODIFIER=(ros_env) SHLVL=2 _=/opt/anaconda3/envs/ros_env/bin/env /opt/anaconda3/envs/ros_env/bin/cmake --install /Users/coleaskey/ros2_ws/build/four_wheel_robot
[0.654s] -- Install configuration: ""
[0.654s] -- Installing: /Users/coleaskey/ros2_ws/install/four_wheel_robot/share/four_wheel_robot//worlds
[0.654s] -- Installing: /Users/coleaskey/ros2_ws/install/four_wheel_robot/share/four_wheel_robot//worlds/.four_wheel_robot.wbproj
[0.654s] -- Installing: /Users/coleaskey/ros2_ws/install/four_wheel_robot/share/four_wheel_robot//worlds/four_wheel_robot.wbt
[0.654s] -- Installing: /Users/coleaskey/ros2_ws/install/four_wheel_robot/share/four_wheel_robot//controllers
[0.654s] -- Installing: /Users/coleaskey/ros2_ws/install/four_wheel_robot/share/four_wheel_robot//controllers/four_wheel_controller
[0.654s] -- Installing: /Users/coleaskey/ros2_ws/install/four_wheel_robot/share/four_wheel_robot//controllers/four_wheel_controller/four_wheel_controller.py
[0.654s] -- Installing: /Users/coleaskey/ros2_ws/install/four_wheel_robot/share/four_wheel_robot//controllers/four_wheel_controller/four_wheel_controller
[0.654s] -- Installing: /Users/coleaskey/ros2_ws/install/four_wheel_robot/lib/four_wheel_robot/ros2_bridge
[0.655s] -- Up-to-date: /Users/coleaskey/ros2_ws/install/four_wheel_robot/share/four_wheel_robot/controllers/four_wheel_controller/four_wheel_controller
[0.655s] -- Up-to-date: /Users/coleaskey/ros2_ws/install/four_wheel_robot/share/four_wheel_robot/controllers/four_wheel_controller/four_wheel_controller.py
[0.655s] -- Installing: /Users/coleaskey/ros2_ws/install/four_wheel_robot/share/ament_index/resource_index/package_run_dependencies/four_wheel_robot
[0.655s] -- Installing: /Users/coleaskey/ros2_ws/install/four_wheel_robot/share/ament_index/resource_index/parent_prefix_path/four_wheel_robot
[0.655s] -- Installing: /Users/coleaskey/ros2_ws/install/four_wheel_robot/share/four_wheel_robot/environment/ament_prefix_path.sh
[0.655s] -- Installing: /Users/coleaskey/ros2_ws/install/four_wheel_robot/share/four_wheel_robot/environment/ament_prefix_path.dsv
[0.656s] -- Installing: /Users/coleaskey/ros2_ws/install/four_wheel_robot/share/four_wheel_robot/environment/path.sh
[0.656s] -- Installing: /Users/coleaskey/ros2_ws/install/four_wheel_robot/share/four_wheel_robot/environment/path.dsv
[0.656s] -- Installing: /Users/coleaskey/ros2_ws/install/four_wheel_robot/share/four_wheel_robot/local_setup.bash
[0.656s] -- Installing: /Users/coleaskey/ros2_ws/install/four_wheel_robot/share/four_wheel_robot/local_setup.sh
[0.656s] -- Installing: /Users/coleaskey/ros2_ws/install/four_wheel_robot/share/four_wheel_robot/local_setup.zsh
[0.656s] -- Installing: /Users/coleaskey/ros2_ws/install/four_wheel_robot/share/four_wheel_robot/local_setup.dsv
[0.657s] -- Installing: /Users/coleaskey/ros2_ws/install/four_wheel_robot/share/four_wheel_robot/package.dsv
[0.658s] -- Installing: /Users/coleaskey/ros2_ws/install/four_wheel_robot/share/ament_index/resource_index/packages/four_wheel_robot
[0.658s] -- Installing: /Users/coleaskey/ros2_ws/install/four_wheel_robot/share/four_wheel_robot/cmake/four_wheel_robotConfig.cmake
[0.658s] -- Installing: /Users/coleaskey/ros2_ws/install/four_wheel_robot/share/four_wheel_robot/cmake/four_wheel_robotConfig-version.cmake
[0.658s] -- Installing: /Users/coleaskey/ros2_ws/install/four_wheel_robot/share/four_wheel_robot/package.xml
[0.660s] Invoked command in '/Users/coleaskey/ros2_ws/build/four_wheel_robot' returned '0': CONDA_PROMPT_MODIFIER=(ros_env) SHLVL=2 _=/opt/anaconda3/envs/ros_env/bin/env /opt/anaconda3/envs/ros_env/bin/cmake --install /Users/coleaskey/ros2_ws/build/four_wheel_robot
