[0.016s] Invoking command in '/Users/coleaskey/ros2_ws/build/robot': CONDA_PROMPT_MODIFIER=(ros_env) SHLVL=2 _=/opt/anaconda3/envs/ros_env/bin/env /opt/anaconda3/envs/ros_env/bin/cmake --build /Users/coleaskey/ros2_ws/build/robot -- -j12 -l12
[0.079s] -- Found ament_cmake: 1.3.3 (/opt/anaconda3/envs/ros_env/share/ament_cmake/cmake)
[0.153s] -- Found ament_lint_auto: 0.12.5 (/opt/anaconda3/envs/ros_env/share/ament_lint_auto/cmake)
[0.214s] -- Added test 'flake8' to check Python code syntax and style conventions
[0.215s] -- Added test 'lint_cmake' to check CMake code style
[0.216s] -- Added test 'pep257' to check Python code against some of the docstring style conventions in PEP 257
[0.217s] -- Added test 'xmllint' to check XML markup files
[0.218s] -- Configuring done (0.2s)
[0.229s] -- Generating done (0.0s)
[0.232s] -- Build files have been written to: /Users/coleaskey/ros2_ws/build/robot
[0.256s] Invoked command in '/Users/coleaskey/ros2_ws/build/robot' returned '0': CONDA_PROMPT_MODIFIER=(ros_env) SHLVL=2 _=/opt/anaconda3/envs/ros_env/bin/env /opt/anaconda3/envs/ros_env/bin/cmake --build /Users/coleaskey/ros2_ws/build/robot -- -j12 -l12
[0.329s] Invoking command in '/Users/coleaskey/ros2_ws/build/robot': CONDA_PROMPT_MODIFIER=(ros_env) SHLVL=2 _=/opt/anaconda3/envs/ros_env/bin/env /opt/anaconda3/envs/ros_env/bin/cmake --install /Users/coleaskey/ros2_ws/build/robot
[0.337s] -- Install configuration: ""
[0.337s] -- Up-to-date: /Users/coleaskey/ros2_ws/install/robot/share/robot//launch
[0.338s] -- Installing: /Users/coleaskey/ros2_ws/install/robot/share/robot//launch/robot_bringup.launch.py
[0.338s] -- Up-to-date: /Users/coleaskey/ros2_ws/install/robot/share/robot//worlds
[0.338s] -- Installing: /Users/coleaskey/ros2_ws/install/robot/share/robot//worlds/.robot.wbproj
[0.339s] -- Up-to-date: /Users/coleaskey/ros2_ws/install/robot/share/robot//worlds/.four_wheel_robot.wbproj
[0.339s] -- Up-to-date: /Users/coleaskey/ros2_ws/install/robot/share/robot//worlds/robot.wbt
[0.339s] -- Up-to-date: /Users/coleaskey/ros2_ws/install/robot/share/robot//controllers
[0.339s] -- Up-to-date: /Users/coleaskey/ros2_ws/install/robot/share/robot//controllers/robot_controller
[0.339s] -- Installing: /Users/coleaskey/ros2_ws/install/robot/share/robot//controllers/robot_controller/robot_controller.py
[0.339s] -- Installing: /Users/coleaskey/ros2_ws/install/robot/share/robot//controllers/robot_controller/robot_controller
[0.339s] -- Installing: /Users/coleaskey/ros2_ws/install/robot/lib/robot/base_controller
[0.340s] -- Up-to-date: /Users/coleaskey/ros2_ws/install/robot/lib/robot/square_drive
[0.340s] -- Up-to-date: /Users/coleaskey/ros2_ws/install/robot/lib/robot/arm_controller
[0.340s] -- Up-to-date: /Users/coleaskey/ros2_ws/install/robot/share/robot/controllers/robot_controller/robot_controller
[0.340s] -- Up-to-date: /Users/coleaskey/ros2_ws/install/robot/share/robot/controllers/robot_controller/robot_controller.py
[0.340s] -- Up-to-date: /Users/coleaskey/ros2_ws/install/robot/share/ament_index/resource_index/package_run_dependencies/robot
[0.340s] -- Up-to-date: /Users/coleaskey/ros2_ws/install/robot/share/ament_index/resource_index/parent_prefix_path/robot
[0.340s] -- Up-to-date: /Users/coleaskey/ros2_ws/install/robot/share/robot/environment/ament_prefix_path.sh
[0.340s] -- Installing: /Users/coleaskey/ros2_ws/install/robot/share/robot/environment/ament_prefix_path.dsv
[0.341s] -- Up-to-date: /Users/coleaskey/ros2_ws/install/robot/share/robot/environment/path.sh
[0.341s] -- Installing: /Users/coleaskey/ros2_ws/install/robot/share/robot/environment/path.dsv
[0.341s] -- Up-to-date: /Users/coleaskey/ros2_ws/install/robot/share/robot/local_setup.bash
[0.341s] -- Up-to-date: /Users/coleaskey/ros2_ws/install/robot/share/robot/local_setup.sh
[0.341s] -- Up-to-date: /Users/coleaskey/ros2_ws/install/robot/share/robot/local_setup.zsh
[0.341s] -- Installing: /Users/coleaskey/ros2_ws/install/robot/share/robot/local_setup.dsv
[0.341s] -- Installing: /Users/coleaskey/ros2_ws/install/robot/share/robot/package.dsv
[0.341s] -- Up-to-date: /Users/coleaskey/ros2_ws/install/robot/share/ament_index/resource_index/packages/robot
[0.342s] -- Up-to-date: /Users/coleaskey/ros2_ws/install/robot/share/robot/cmake/robotConfig.cmake
[0.342s] -- Up-to-date: /Users/coleaskey/ros2_ws/install/robot/share/robot/cmake/robotConfig-version.cmake
[0.342s] -- Up-to-date: /Users/coleaskey/ros2_ws/install/robot/share/robot/package.xml
[0.343s] Invoked command in '/Users/coleaskey/ros2_ws/build/robot' returned '0': CONDA_PROMPT_MODIFIER=(ros_env) SHLVL=2 _=/opt/anaconda3/envs/ros_env/bin/env /opt/anaconda3/envs/ros_env/bin/cmake --install /Users/coleaskey/ros2_ws/build/robot
