[0.017s] Invoking command in '/Users/coleaskey/ros2_ws/build/robot': CONDA_PROMPT_MODIFIER=(ros_env) SHLVL=2 _=/opt/anaconda3/envs/ros_env/bin/env /opt/anaconda3/envs/ros_env/bin/cmake --build /Users/coleaskey/ros2_ws/build/robot -- -j12 -l12
[0.063s] Invoked command in '/Users/coleaskey/ros2_ws/build/robot' returned '0': CONDA_PROMPT_MODIFIER=(ros_env) SHLVL=2 _=/opt/anaconda3/envs/ros_env/bin/env /opt/anaconda3/envs/ros_env/bin/cmake --build /Users/coleaskey/ros2_ws/build/robot -- -j12 -l12
[0.135s] Invoking command in '/Users/coleaskey/ros2_ws/build/robot': CONDA_PROMPT_MODIFIER=(ros_env) SHLVL=2 _=/opt/anaconda3/envs/ros_env/bin/env /opt/anaconda3/envs/ros_env/bin/cmake --install /Users/coleaskey/ros2_ws/build/robot
[0.146s] -- Install configuration: ""
[0.146s] -- Up-to-date: /Users/coleaskey/ros2_ws/install/robot/share/robot//launch
[0.146s] -- Up-to-date: /Users/coleaskey/ros2_ws/install/robot/share/robot//launch/robot_bringup.launch.py
[0.146s] -- Up-to-date: /Users/coleaskey/ros2_ws/install/robot/share/robot//config
[0.146s] -- Up-to-date: /Users/coleaskey/ros2_ws/install/robot/share/robot//config/arm_poses.yaml
[0.146s] -- Up-to-date: /Users/coleaskey/ros2_ws/install/robot/share/robot//worlds
[0.146s] -- Installing: /Users/coleaskey/ros2_ws/install/robot/share/robot//worlds/.robot.wbproj
[0.147s] -- Up-to-date: /Users/coleaskey/ros2_ws/install/robot/share/robot//worlds/.four_wheel_robot.wbproj
[0.147s] -- Installing: /Users/coleaskey/ros2_ws/install/robot/share/robot//worlds/robot.wbt
[0.147s] -- Up-to-date: /Users/coleaskey/ros2_ws/install/robot/share/robot//controllers
[0.147s] -- Up-to-date: /Users/coleaskey/ros2_ws/install/robot/share/robot//controllers/robot_controller
[0.147s] -- Up-to-date: /Users/coleaskey/ros2_ws/install/robot/share/robot//controllers/robot_controller/robot_controller.py
[0.148s] -- Up-to-date: /Users/coleaskey/ros2_ws/install/robot/share/robot//controllers/robot_controller/robot_controller
[0.148s] -- Up-to-date: /Users/coleaskey/ros2_ws/install/robot/lib/robot/base_controller
[0.148s] -- Up-to-date: /Users/coleaskey/ros2_ws/install/robot/lib/robot/square_drive
[0.148s] -- Installing: /Users/coleaskey/ros2_ws/install/robot/lib/robot/arm_controller
[0.148s] -- Up-to-date: /Users/coleaskey/ros2_ws/install/robot/lib/robot/pose_controller
[0.148s] -- Up-to-date: /Users/coleaskey/ros2_ws/install/robot/lib/robot/joint_state_publisher
[0.148s] -- Up-to-date: /Users/coleaskey/ros2_ws/install/robot/lib/robot/arm_teleop
[0.148s] -- Up-to-date: /Users/coleaskey/ros2_ws/install/robot/lib/robot/ik_solver
[0.148s] -- Installing: /Users/coleaskey/ros2_ws/install/robot/lib/robot/pick_demo
[0.149s] -- Up-to-date: /Users/coleaskey/ros2_ws/install/robot/share/robot/controllers/robot_controller/robot_controller
[0.149s] -- Up-to-date: /Users/coleaskey/ros2_ws/install/robot/share/robot/controllers/robot_controller/robot_controller.py
[0.149s] -- Up-to-date: /Users/coleaskey/ros2_ws/install/robot/share/ament_index/resource_index/package_run_dependencies/robot
[0.149s] -- Up-to-date: /Users/coleaskey/ros2_ws/install/robot/share/ament_index/resource_index/parent_prefix_path/robot
[0.149s] -- Up-to-date: /Users/coleaskey/ros2_ws/install/robot/share/robot/environment/ament_prefix_path.sh
[0.149s] -- Up-to-date: /Users/coleaskey/ros2_ws/install/robot/share/robot/environment/ament_prefix_path.dsv
[0.149s] -- Up-to-date: /Users/coleaskey/ros2_ws/install/robot/share/robot/environment/path.sh
[0.150s] -- Up-to-date: /Users/coleaskey/ros2_ws/install/robot/share/robot/environment/path.dsv
[0.150s] -- Up-to-date: /Users/coleaskey/ros2_ws/install/robot/share/robot/local_setup.bash
[0.150s] -- Up-to-date: /Users/coleaskey/ros2_ws/install/robot/share/robot/local_setup.sh
[0.150s] -- Up-to-date: /Users/coleaskey/ros2_ws/install/robot/share/robot/local_setup.zsh
[0.150s] -- Up-to-date: /Users/coleaskey/ros2_ws/install/robot/share/robot/local_setup.dsv
[0.150s] -- Up-to-date: /Users/coleaskey/ros2_ws/install/robot/share/robot/package.dsv
[0.150s] -- Up-to-date: /Users/coleaskey/ros2_ws/install/robot/share/ament_index/resource_index/packages/robot
[0.150s] -- Up-to-date: /Users/coleaskey/ros2_ws/install/robot/share/robot/cmake/robotConfig.cmake
[0.150s] -- Up-to-date: /Users/coleaskey/ros2_ws/install/robot/share/robot/cmake/robotConfig-version.cmake
[0.150s] -- Up-to-date: /Users/coleaskey/ros2_ws/install/robot/share/robot/package.xml
[0.151s] Invoked command in '/Users/coleaskey/ros2_ws/build/robot' returned '0': CONDA_PROMPT_MODIFIER=(ros_env) SHLVL=2 _=/opt/anaconda3/envs/ros_env/bin/env /opt/anaconda3/envs/ros_env/bin/cmake --install /Users/coleaskey/ros2_ws/build/robot
